[02/May/2023 22:53:16 America/Detroit] [Info] ############################################################
[02/May/2023 22:53:16 America/Detroit] [Info] # Output Factory initiated (html5)
[02/May/2023 22:53:16 America/Detroit] [Info] # Building output for: Documentation
[02/May/2023 22:53:16 America/Detroit] [Info] # URL /document/edit/28925
[02/May/2023 22:53:16 America/Detroit] [Info] # User: Matt Vincent
[02/May/2023 22:53:16 America/Detroit] [Info] # Time: Tue, 02 May 2023 22:53:16 -0400
[02/May/2023 22:53:16 America/Detroit] [Info] # Server: antwerp
[02/May/2023 22:53:16 America/Detroit] [Info] ############################################################
[02/May/2023 22:53:16 America/Detroit] [Info] Group: custom
[02/May/2023 22:53:16 America/Detroit] [Info] Type: html5
[02/May/2023 22:53:16 America/Detroit] [Info] Transformation: $user_dir/xsl/custom/layout-29165.xsl
[02/May/2023 22:53:17 America/Detroit] [Info] File found: $user_dir/xsl/custom/layout-29165.xsl
[02/May/2023 22:53:17 America/Detroit] [Info] ############################################################
[02/May/2023 22:53:17 America/Detroit] [Info] Building output for: html5
[02/May/2023 22:53:17 America/Detroit] [Info] Using stylesheet: $user_dir/xsl/custom/layout-29165.xsl
[02/May/2023 22:53:17 America/Detroit] [Info] Parameters for this build: []
[02/May/2023 22:53:17 America/Detroit] [Info] Environment variables for this build: Array
(
    [use.algolia.search] => 0
)

[02/May/2023 22:53:17 America/Detroit] [Info] Building output for languages: Array
(
    [0] => en
)

[02/May/2023 22:53:17 America/Detroit] [Info] Building multilang: no
[02/May/2023 22:53:17 America/Detroit] [Info] Building preview: no
[02/May/2023 22:53:17 America/Detroit] [Info] ############################################################
[02/May/2023 22:53:17 America/Detroit] [Info] Using build directory: $local_tmp/production-6451cc9b9833e5.66717648/28925-Documentation-html5
[02/May/2023 22:54:10 America/Detroit] [Info] -- Generating source files
[02/May/2023 22:54:10 America/Detroit] [Info] -- Propagating taxonomies: false
[02/May/2023 22:54:11 America/Detroit] [Info] -- Source files have been generated
[02/May/2023 22:54:11 America/Detroit] [Info] -- Publication has no unresolved dependencies.
[02/May/2023 22:54:11 America/Detroit] [Info] -- Generating source files complete.
[02/May/2023 22:54:13 America/Detroit] [Info] Localizing: publication-28925.xml
[02/May/2023 22:54:13 America/Detroit] [Info] Language: en
[02/May/2023 22:54:13 America/Detroit] [Warning] Resolving some links failed
[02/May/2023 22:54:13 America/Detroit] [Info] [/*/*[2]/*[3]/*[3]/*[3]/*[2]/*[1]] An outgoing link in <a href="/document/edit/23667">Notifications</a> could not be resolved. The link points to <a href="/document/edit/23903">What is an Event?</a> which is not part of this publication.
[02/May/2023 22:54:13 America/Detroit] [Info] [/*/*[2]/*[4]/*[4]/*[3]/*[2]/*[1]] An outgoing link in <a href="/document/edit/23667">Notifications</a> could not be resolved. The link points to <a href="/document/edit/23903">What is an Event?</a> which is not part of this publication.
[02/May/2023 22:54:13 America/Detroit] [Info] [/*/*[2]/*[4]/*[5]/*[3]/*[2]/*] An outgoing link in <a href="/document/edit/6983">What is a local file system?</a> could not be resolved. The link points to <a href="/document/edit/4728">Manage DFS</a> which is not part of this publication.
[02/May/2023 22:54:13 America/Detroit] [Info] [/*/*[2]/*[5]/*[4]/*[3]/*[2]/*] An outgoing link in <a href="/document/edit/6983">What is a local file system?</a> could not be resolved. The link points to <a href="/document/edit/4728">Manage DFS</a> which is not part of this publication.
[02/May/2023 22:54:13 America/Detroit] [Info] Variable sets found: 1
[02/May/2023 22:54:15 America/Detroit] [Info] Inserting image links.
[02/May/2023 22:54:15 America/Detroit] [Info] Found 35 image(s).
[02/May/2023 22:54:15 America/Detroit] [Info] Found image 'select_a_system.png'
[02/May/2023 22:54:15 America/Detroit] [Info] Found image 'view_hide_systems.png'
[02/May/2023 22:54:15 America/Detroit] [Info] Found image 'Screenshot_2022-12-08_at_12_15_05_PM.png'
[02/May/2023 22:54:15 America/Detroit] [Info] Found image 'Screenshot_2022-12-08_at_12_15_12_PM.png'
[02/May/2023 22:54:15 America/Detroit] [Info] Found image 'Screenshot_2022-12-08_at_12_15_22_PM.png'
[02/May/2023 22:54:15 America/Detroit] [Info] Found image 'Screenshot_2022-12-08_at_12_15_33_PM.png'
[02/May/2023 22:54:15 America/Detroit] [Info] Found image 'Screenshot_2022-12-08_at_12_43_12_PM.png'
[02/May/2023 22:54:15 America/Detroit] [Info] Found image 'pool-capacity-indicator.png'
[02/May/2023 22:54:15 America/Detroit] [Info] Found image 'network-bandwidth.png'
[02/May/2023 22:54:15 America/Detroit] [Info] Found image 'filesystem-iops.png'
[02/May/2023 22:54:15 America/Detroit] [Info] Found image 'filesystem-reads-writes.png'
[02/May/2023 22:54:15 America/Detroit] [Info] Found image 'system-temperature.png'
[02/May/2023 22:54:15 America/Detroit] [Info] Found image 'advanced_settings.png'
[02/May/2023 22:54:15 America/Detroit] [Info] Found image 'SAML_and_OAuth_2_0_SSO.png'
[02/May/2023 22:54:15 America/Detroit] [Info] Found image 'LDAP_config.png'
[02/May/2023 22:54:15 America/Detroit] [Info] Found image 'menu_button.PNG'
[02/May/2023 22:54:15 America/Detroit] [Info] Found image 'Serial_number_updated.png'
[02/May/2023 22:54:15 America/Detroit] [Info] Found image 'Choose_a_system_with_updated_hostname.png'
[02/May/2023 22:54:15 America/Detroit] [Info] Found image 'shutdown_button_with_updated_hostname.png'
[02/May/2023 22:54:15 America/Detroit] [Info] Found image 'C_Module_Power_-_Rear.png'
[02/May/2023 22:54:15 America/Detroit] [Info] Found image 'controller_front_view.png'
[02/May/2023 22:54:15 America/Detroit] [Info] Found image 'storage_module.png'
[02/May/2023 22:54:15 America/Detroit] [Info] Found image 'Screen_Shot_2022-08-12_at_8_43_40_AM.png'
[02/May/2023 22:54:15 America/Detroit] [Info] Found image 'C_Front.png'
[02/May/2023 22:54:15 America/Detroit] [Info] Found image 'C_Rear.png'
[02/May/2023 22:54:15 America/Detroit] [Info] Found image 'F_Front.png'
[02/May/2023 22:54:15 America/Detroit] [Info] Found image 'F_Rear.png'
[02/May/2023 22:54:15 America/Detroit] [Info] Found image 'FD_Front.png'
[02/May/2023 22:54:15 America/Detroit] [Info] Found image 'FD_Rear.png'
[02/May/2023 22:54:15 America/Detroit] [Info] Found image 'H_front.png'
[02/May/2023 22:54:15 America/Detroit] [Info] Found image 'H_Module_Rear.png'
[02/May/2023 22:54:15 America/Detroit] [Info] Found image 'installation_image.png'
[02/May/2023 22:54:15 America/Detroit] [Info] Found image 'Installing_the_module_into_a_rack.png'
[02/May/2023 22:54:15 America/Detroit] [Info] Found image 'Position_for_C_or_H_module.png'
[02/May/2023 22:54:15 America/Detroit] [Info] Found image 'Position_for_F_or_FD_Module.png'
[02/May/2023 22:54:16 America/Detroit] [Info] Profiling parameters: []
[02/May/2023 22:54:16 America/Detroit] [Info] Profiling customisation: $user_dir/xsl/profile.xsl (not found)
[02/May/2023 22:54:17 America/Detroit] [Info] Transformation: publication-28925--en.org.xml -> publication-28925--en.xml [profile.xsl]
[02/May/2023 22:54:17 America/Detroit] [Info] Transformation: publication-28925--en.xml -> publication-28925--en.xml [internal-xref.xsl]
[02/May/2023 22:54:17 America/Detroit] [Info] Transformation: A-filelist.xml -> B-sorted.xml [IO.document.sortlang.xsl]
[02/May/2023 22:54:17 America/Detroit] [Info] Transformation: B-sorted.xml -> C-concatenated.xml [IO.document.concat.xsl]
[02/May/2023 22:54:17 America/Detroit] [Info] Transformation: B-sorted.xml -> index-en.xml [IO.document.head.xsl]
[02/May/2023 22:54:18 America/Detroit] [Info] Created copy: $user_dir/xsl/custom/layout-29165.xsl -> $user_dir/xsl/custom/6451ccda344c5.xsl
[02/May/2023 22:54:18 America/Detroit] [Info] Created symlink: $apppath/lib/docbook/xsl/html5/html5-2.page.xsl -> $user_dir/xsl/custom/6451ccda344c5.page.xsl
[02/May/2023 22:54:18 America/Detroit] [Info] Created symlink: $apppath/lib/docbook/xsl/html5/html5-2.index.xsl -> $user_dir/xsl/custom/6451ccda344c5.index.xsl
[02/May/2023 22:54:18 America/Detroit] [Info] Created symlink: $apppath/lib/docbook/xsl/html5/html5.toc.xsl -> $user_dir/xsl/custom/6451ccda344c5.toc.xsl
[02/May/2023 22:54:18 America/Detroit] [Info] Created symlink: $apppath/lib/docbook/xsl/html5/html5.page.xsl -> $user_dir/xsl/custom/6451ccda344c5.page.xsl
[02/May/2023 22:54:18 America/Detroit] [Info] Created symlink: $apppath/lib/docbook/xsl/html5/html5.index.xsl -> $user_dir/xsl/custom/6451ccda344c5.index.xsl
[02/May/2023 22:54:19 America/Detroit] [Info] Image copied: en/image/uuid-f74f07a3-57c0-0932-ea3c-09f7f0bf4763.png
[02/May/2023 22:54:19 America/Detroit] [Info] Image copied: en/image/uuid-b5b9d743-3898-63fb-c52c-3c3edeb61952.png
[02/May/2023 22:54:19 America/Detroit] [Info] Image copied: en/image/uuid-7464b8e7-3b32-8280-022c-66c03d006930.png
[02/May/2023 22:54:19 America/Detroit] [Info] Image copied: en/image/uuid-2568960d-7c65-12c0-8738-5e2ed683ca53.png
[02/May/2023 22:54:19 America/Detroit] [Info] Image copied: en/image/uuid-4ffcc939-ace6-0ad8-dcf6-e20ac324f51c.png
[02/May/2023 22:54:19 America/Detroit] [Info] Image copied: en/image/uuid-f012bf5d-4c25-4a60-c293-457154369af5.png
[02/May/2023 22:54:19 America/Detroit] [Info] Image copied: en/image/uuid-cadc7362-c956-2d31-f399-0a42aa79d746.png
[02/May/2023 22:54:19 America/Detroit] [Info] Image copied: en/image/uuid-0ccb108b-8393-9694-4638-2b945446fbdf.png
[02/May/2023 22:54:19 America/Detroit] [Info] Image copied: en/image/uuid-092478ee-b8fd-f869-142b-9d8e23cad07e.png
[02/May/2023 22:54:19 America/Detroit] [Info] Image copied: en/image/uuid-8e852651-1397-89f4-34ff-f96febf11f17.png
[02/May/2023 22:54:19 America/Detroit] [Info] Image copied: en/image/uuid-8fe2108f-bb1d-e97a-a178-f9b1f1735e0a.png
[02/May/2023 22:54:19 America/Detroit] [Info] Image copied: en/image/uuid-c5c9e56e-f580-651c-613f-43973411000c.png
[02/May/2023 22:54:19 America/Detroit] [Info] Image copied: en/image/uuid-9a2511a7-991a-597d-c74d-1081ed0e994b.png
[02/May/2023 22:54:19 America/Detroit] [Info] Image copied: en/image/uuid-174da668-9fb5-ef57-538c-38a2ca346126.png
[02/May/2023 22:54:19 America/Detroit] [Info] Image copied: en/image/uuid-4dbe3f65-ff3b-c75a-49e7-125cb3c81f0b.png
[02/May/2023 22:54:19 America/Detroit] [Info] Image copied: en/image/uuid-b81b07a7-178e-32bd-8d64-d5a0cd9a59b1.PNG
[02/May/2023 22:54:19 America/Detroit] [Info] Image copied: en/image/uuid-3272d3a1-d883-594e-6878-a1e34a393427.png
[02/May/2023 22:54:19 America/Detroit] [Info] Image copied: en/image/uuid-99f85a51-1df4-10f9-1c02-2e47afc9eec1.png
[02/May/2023 22:54:19 America/Detroit] [Info] Image copied: en/image/uuid-76e5559c-7701-5545-31a4-6895f193921a.png
[02/May/2023 22:54:19 America/Detroit] [Info] Image copied: en/image/uuid-9d17d476-33eb-e556-106d-f6e731a54aad.png
[02/May/2023 22:54:19 America/Detroit] [Info] Image copied: en/image/uuid-09b5b0cb-64bc-56b7-54f6-bd2f1ca80aca.png
[02/May/2023 22:54:19 America/Detroit] [Info] Image copied: en/image/uuid-eb0d48f8-caee-94c1-7260-1cee67151c7d.png
[02/May/2023 22:54:19 America/Detroit] [Info] Image copied: en/image/uuid-53f48e92-3a2f-0262-4ae9-45c1f16733e3.png
[02/May/2023 22:54:19 America/Detroit] [Info] Image copied: en/image/uuid-4c9be8fd-1edc-04d3-bd80-0ccc73a5fa58.png
[02/May/2023 22:54:19 America/Detroit] [Info] Image copied: en/image/uuid-6bb7cdf9-42b9-114b-75c3-71ef66b349ee.png
[02/May/2023 22:54:19 America/Detroit] [Info] Image copied: en/image/uuid-a35443cf-b9bd-ab64-2b57-e31359c534d8.png
[02/May/2023 22:54:19 America/Detroit] [Info] Image copied: en/image/uuid-faaefab8-9232-5805-768e-7186e62d8e7a.png
[02/May/2023 22:54:19 America/Detroit] [Info] Image copied: en/image/uuid-b8fd5c0c-18de-45c1-546c-a4c105515ae3.png
[02/May/2023 22:54:19 America/Detroit] [Info] Image copied: en/image/uuid-323a0d1a-17af-9c75-cb3f-bf20c82ced85.png
[02/May/2023 22:54:19 America/Detroit] [Info] Image copied: en/image/uuid-b7a02586-ac05-e4f4-c4aa-15cccb341310.png
[02/May/2023 22:54:19 America/Detroit] [Info] Image copied: en/image/uuid-6312db05-9280-9be2-0031-c4e133ac907e.png
[02/May/2023 22:54:19 America/Detroit] [Info] Image copied: en/image/uuid-44ab39ab-e03b-3d43-76a6-d36ecba46ea4.png
[02/May/2023 22:54:19 America/Detroit] [Info] Image copied: en/image/uuid-9a49c8b6-7267-152a-ffb2-6fd3a52b80ed.png
[02/May/2023 22:54:19 America/Detroit] [Info] Image copied: en/image/uuid-7ca3f776-cefd-1263-7139-4bbced8c5e65.png
[02/May/2023 22:54:19 America/Detroit] [Info] Image copied: en/image/uuid-9415f8ae-60c6-6d48-f2a2-1ec38c9910c4.png
[02-May-2023 22:54:23 America/Detroit] Parsing manifest file: css/*, css/image/*, css/image/callouts/*, js/*, js/jquery-3/*, fonts/*
[02-May-2023 22:54:23 America/Detroit] Parsing manifest file: css/*, css/image/*, css/image/callouts/*, js/*, fonts/*
[02-May-2023 22:54:23 America/Detroit] Copy file '$user_dir/xsl/custom/assets/layout-29165/645157f52bb46.png' to '$local_tmp/production-6451cc9b9833e5.66717648/28925-Documentation-html5/out/css/image/corporate-logo.png'
[02-May-2023 22:54:23 America/Detroit] Copy file '$user_dir/xsl/custom/assets/layout-29165/645157f52bb46.png' to '$local_tmp/production-6451cc9b9833e5.66717648/28925-Documentation-html5/out/css/image/portal-logo.png'
[02-May-2023 22:54:23 America/Detroit] Copy file '$user_dir/xsl/custom/assets/layout-29165/64515772786c2.jpg' to '$local_tmp/production-6451cc9b9833e5.66717648/28925-Documentation-html5/out/css/image/portal-bg.jpg'
[02-May-2023 22:54:24 America/Detroit] Post build HTML5
[02/May/2023 22:54:25 America/Detroit] [Info] Transformation: index-en.html -> toc-en.html [6451ccda344c5.toc.xsl]
[02/May/2023 22:54:25 America/Detroit] [Info] Transformation: create-a-bond.html -> create-a-bond.html [6451ccda344c5.page.xsl]
[02/May/2023 22:54:25 America/Detroit] [Info] Transformation: set-up-bandwidth-control.html -> set-up-bandwidth-control.html [6451ccda344c5.page.xsl]
[02/May/2023 22:54:25 America/Detroit] [Info] Transformation: set-the-hostname.html -> set-the-hostname.html [6451ccda344c5.page.xsl]
[02/May/2023 22:54:25 America/Detroit] [Info] Transformation: set-the-default-gateway.html -> set-the-default-gateway.html [6451ccda344c5.page.xsl]
[02/May/2023 22:54:25 America/Detroit] [Info] Transformation: set-the-network-time.html -> set-the-network-time.html [6451ccda344c5.page.xsl]
[02/May/2023 22:54:25 America/Detroit] [Info] Transformation: set-the-domain-name-system--dns-.html -> set-the-domain-name-system--dns-.html [6451ccda344c5.page.xsl]
[02/May/2023 22:54:25 America/Detroit] [Info] Transformation: create-an-nfs-share.html -> create-an-nfs-share.html [6451ccda344c5.page.xsl]
[02/May/2023 22:54:25 America/Detroit] [Info] Transformation: create-an-nfs-template.html -> create-an-nfs-template.html [6451ccda344c5.page.xsl]
[02/May/2023 22:54:25 America/Detroit] [Info] Transformation: view-an-nfs-share.html -> view-an-nfs-share.html [6451ccda344c5.page.xsl]
[02/May/2023 22:54:25 America/Detroit] [Info] Transformation: delete-an-nfs-share.html -> delete-an-nfs-share.html [6451ccda344c5.page.xsl]
[02/May/2023 22:54:25 America/Detroit] [Info] Transformation: create-an-smb-share.html -> create-an-smb-share.html [6451ccda344c5.page.xsl]
[02/May/2023 22:54:25 America/Detroit] [Info] Transformation: create-an-smb-template.html -> create-an-smb-template.html [6451ccda344c5.page.xsl]
[02/May/2023 22:54:25 America/Detroit] [Info] Transformation: create-smb-authentication-providers.html -> create-smb-authentication-providers.html [6451ccda344c5.page.xsl]
[02/May/2023 22:54:25 America/Detroit] [Info] Transformation: view-an-smb-share.html -> view-an-smb-share.html [6451ccda344c5.page.xsl]
[02/May/2023 22:54:25 America/Detroit] [Info] Transformation: delete-an-smb-share.html -> delete-an-smb-share.html [6451ccda344c5.page.xsl]
[02/May/2023 22:54:25 America/Detroit] [Info] Transformation: create-an-s3-share.html -> create-an-s3-share.html [6451ccda344c5.page.xsl]
[02/May/2023 22:54:25 America/Detroit] [Info] Transformation: create-an-s3-share-28682.html -> create-an-s3-share-28682.html [6451ccda344c5.page.xsl]
[02/May/2023 22:54:25 America/Detroit] [Info] Transformation: configuration.html -> configuration.html [6451ccda344c5.page.xsl]
[02/May/2023 22:54:25 America/Detroit] [Info] Transformation: nfs.html -> nfs.html [6451ccda344c5.page.xsl]
[02/May/2023 22:54:25 America/Detroit] [Info] Transformation: smb.html -> smb.html [6451ccda344c5.page.xsl]
[02/May/2023 22:54:25 America/Detroit] [Info] Transformation: s3.html -> s3.html [6451ccda344c5.page.xsl]
[02/May/2023 22:54:25 America/Detroit] [Info] Transformation: get-started.html -> get-started.html [6451ccda344c5.page.xsl]
[02/May/2023 22:54:25 America/Detroit] [Info] Transformation: dashboard.html -> dashboard.html [6451ccda344c5.page.xsl]
[02/May/2023 22:54:25 America/Detroit] [Info] Transformation: storage.html -> storage.html [6451ccda344c5.page.xsl]
[02/May/2023 22:54:25 America/Detroit] [Info] Transformation: network.html -> network.html [6451ccda344c5.page.xsl]
[02/May/2023 22:54:26 America/Detroit] [Info] Transformation: administration.html -> administration.html [6451ccda344c5.page.xsl]
[02/May/2023 22:54:26 America/Detroit] [Info] Transformation: tasks.html -> tasks.html [6451ccda344c5.page.xsl]
[02/May/2023 22:54:26 America/Detroit] [Info] Transformation: containerization.html -> containerization.html [6451ccda344c5.page.xsl]
[02/May/2023 22:54:26 America/Detroit] [Info] Transformation: cluster.html -> cluster.html [6451ccda344c5.page.xsl]
[02/May/2023 22:54:26 America/Detroit] [Info] Transformation: reports.html -> reports.html [6451ccda344c5.page.xsl]
[02/May/2023 22:54:26 America/Detroit] [Info] Transformation: introduction.html -> introduction.html [6451ccda344c5.page.xsl]
[02/May/2023 22:54:26 America/Detroit] [Info] Transformation: get-started.html -> get-started.html [6451ccda344c5.page.xsl]
[02/May/2023 22:54:26 America/Detroit] [Info] Transformation: dashboard.html -> dashboard.html [6451ccda344c5.page.xsl]
[02/May/2023 22:54:26 America/Detroit] [Info] Transformation: storage.html -> storage.html [6451ccda344c5.page.xsl]
[02/May/2023 22:54:26 America/Detroit] [Info] Transformation: network.html -> network.html [6451ccda344c5.page.xsl]
[02/May/2023 22:54:26 America/Detroit] [Info] Transformation: administration.html -> administration.html [6451ccda344c5.page.xsl]
[02/May/2023 22:54:26 America/Detroit] [Info] Transformation: tasks.html -> tasks.html [6451ccda344c5.page.xsl]
[02/May/2023 22:54:26 America/Detroit] [Info] Transformation: containerization.html -> containerization.html [6451ccda344c5.page.xsl]
[02/May/2023 22:54:26 America/Detroit] [Info] Transformation: cluster.html -> cluster.html [6451ccda344c5.page.xsl]
[02/May/2023 22:54:26 America/Detroit] [Info] Transformation: reports.html -> reports.html [6451ccda344c5.page.xsl]
[02/May/2023 22:54:26 America/Detroit] [Info] Transformation: glossary-of-terms.html -> glossary-of-terms.html [6451ccda344c5.page.xsl]
[02/May/2023 22:54:26 America/Detroit] [Info] Transformation: introduction.html -> introduction.html [6451ccda344c5.page.xsl]
[02/May/2023 22:54:26 America/Detroit] [Info] Transformation: get-started.html -> get-started.html [6451ccda344c5.page.xsl]
[02/May/2023 22:54:26 America/Detroit] [Info] Transformation: storage.html -> storage.html [6451ccda344c5.page.xsl]
[02/May/2023 22:54:26 America/Detroit] [Info] Transformation: network.html -> network.html [6451ccda344c5.page.xsl]
[02/May/2023 22:54:26 America/Detroit] [Info] Transformation: administration.html -> administration.html [6451ccda344c5.page.xsl]
[02/May/2023 22:54:26 America/Detroit] [Info] Transformation: tasks.html -> tasks.html [6451ccda344c5.page.xsl]
[02/May/2023 22:54:26 America/Detroit] [Info] Transformation: containerization.html -> containerization.html [6451ccda344c5.page.xsl]
[02/May/2023 22:54:26 America/Detroit] [Info] Transformation: cluster.html -> cluster.html [6451ccda344c5.page.xsl]
[02/May/2023 22:54:26 America/Detroit] [Info] Transformation: reports.html -> reports.html [6451ccda344c5.page.xsl]
[02/May/2023 22:54:26 America/Detroit] [Info] Transformation: atlas-core-v2-7-user-manual.html -> atlas-core-v2-7-user-manual.html [6451ccda344c5.page.xsl]
[02/May/2023 22:54:26 America/Detroit] [Info] Transformation: atlas-core-v2-6-user-manual.html -> atlas-core-v2-6-user-manual.html [6451ccda344c5.page.xsl]
[02/May/2023 22:54:26 America/Detroit] [Info] Transformation: atlas-core-v2-5-user-manual.html -> atlas-core-v2-5-user-manual.html [6451ccda344c5.page.xsl]
[02/May/2023 22:54:26 America/Detroit] [Info] Transformation: properties.html -> properties.html [6451ccda344c5.page.xsl]
[02/May/2023 22:54:26 America/Detroit] [Info] Transformation: authentication.html -> authentication.html [6451ccda344c5.page.xsl]
[02/May/2023 22:54:26 America/Detroit] [Info] Transformation: create-the-product.html -> create-the-product.html [6451ccda344c5.page.xsl]
[02/May/2023 22:54:26 America/Detroit] [Info] Transformation: read-the-product.html -> read-the-product.html [6451ccda344c5.page.xsl]
[02/May/2023 22:54:26 America/Detroit] [Info] Transformation: update-the-product.html -> update-the-product.html [6451ccda344c5.page.xsl]
[02/May/2023 22:54:26 America/Detroit] [Info] Transformation: delete-the-product.html -> delete-the-product.html [6451ccda344c5.page.xsl]
[02/May/2023 22:54:26 America/Detroit] [Info] Transformation: properties.html -> properties.html [6451ccda344c5.page.xsl]
[02/May/2023 22:54:26 America/Detroit] [Info] Transformation: authentication.html -> authentication.html [6451ccda344c5.page.xsl]
[02/May/2023 22:54:26 America/Detroit] [Info] Transformation: create-the-product.html -> create-the-product.html [6451ccda344c5.page.xsl]
[02/May/2023 22:54:26 America/Detroit] [Info] Transformation: read-the-product.html -> read-the-product.html [6451ccda344c5.page.xsl]
[02/May/2023 22:54:26 America/Detroit] [Info] Transformation: update-the-product.html -> update-the-product.html [6451ccda344c5.page.xsl]
[02/May/2023 22:54:26 America/Detroit] [Info] Transformation: delete-the-product.html -> delete-the-product.html [6451ccda344c5.page.xsl]
[02/May/2023 22:54:26 America/Detroit] [Info] Transformation: authentication.html -> authentication.html [6451ccda344c5.page.xsl]
[02/May/2023 22:54:26 America/Detroit] [Info] Transformation: create-the-product.html -> create-the-product.html [6451ccda344c5.page.xsl]
[02/May/2023 22:54:26 America/Detroit] [Info] Transformation: delete-the-product.html -> delete-the-product.html [6451ccda344c5.page.xsl]
[02/May/2023 22:54:26 America/Detroit] [Info] Transformation: properties.html -> properties.html [6451ccda344c5.page.xsl]
[02/May/2023 22:54:26 America/Detroit] [Info] Transformation: read-the-product.html -> read-the-product.html [6451ccda344c5.page.xsl]
[02/May/2023 22:54:26 America/Detroit] [Info] Transformation: update-the-product.html -> update-the-product.html [6451ccda344c5.page.xsl]
[02/May/2023 22:54:26 America/Detroit] [Info] Transformation: api-v2-7.html -> api-v2-7.html [6451ccda344c5.page.xsl]
[02/May/2023 22:54:27 America/Detroit] [Info] Transformation: api-v2-6.html -> api-v2-6.html [6451ccda344c5.page.xsl]
[02/May/2023 22:54:27 America/Detroit] [Info] Transformation: api-v2-5.html -> api-v2-5.html [6451ccda344c5.page.xsl]
[02/May/2023 22:54:27 America/Detroit] [Info] Transformation: introduction.html -> introduction.html [6451ccda344c5.page.xsl]
[02/May/2023 22:54:27 America/Detroit] [Info] Transformation: module-types.html -> module-types.html [6451ccda344c5.page.xsl]
[02/May/2023 22:54:27 America/Detroit] [Info] Transformation: c,-f,-fd,-and-h-module-installation.html -> c,-f,-fd,-and-h-module-installation.html [6451ccda344c5.page.xsl]
[02/May/2023 22:54:27 America/Detroit] [Info] Transformation: hd---hdx-modules-installation.html -> hd---hdx-modules-installation.html [6451ccda344c5.page.xsl]
[02/May/2023 22:54:27 America/Detroit] [Info] Transformation: power-on-an-ha-or-non-ha-system.html -> power-on-an-ha-or-non-ha-system.html [6451ccda344c5.page.xsl]
[02/May/2023 22:54:27 America/Detroit] [Info] Transformation: maintenance.html -> maintenance.html [6451ccda344c5.page.xsl]
[02/May/2023 22:54:27 America/Detroit] [Info] Transformation: ultra-hardware-platform-installation-guide.html -> ultra-hardware-platform-installation-guide.html [6451ccda344c5.page.xsl]
[02/May/2023 22:54:27 America/Detroit] [Info] Transformation: atlas-core-user-manuals.html -> atlas-core-user-manuals.html [6451ccda344c5.page.xsl]
[02/May/2023 22:54:27 America/Detroit] [Info] Transformation: atlas-core-api.html -> atlas-core-api.html [6451ccda344c5.page.xsl]
[02/May/2023 22:54:27 America/Detroit] [Info] Transformation: ultra-hardware-platform-guides.html -> ultra-hardware-platform-guides.html [6451ccda344c5.page.xsl]
[02/May/2023 22:54:27 America/Detroit] [Info] Transformation: index-en.html -> index-en.html [6451ccda344c5.page.xsl]
[02/May/2023 22:54:27 America/Detroit] [Info] Generating index page.
[02/May/2023 22:54:27 America/Detroit] [Info] Transformation: index.manifest -> index.html [6451ccda344c5.index.xsl]
[02/May/2023 22:54:28 America/Detroit] [Info] # Took 71.472279 seconds to render.
